#
# There is insufficient memory for the Java Runtime Environment to continue.
# Native memory allocation (malloc) failed to allocate 780496 bytes for Chunk::new
# Possible reasons:
#   The system is out of physical RAM or swap space
#   The process is running with CompressedOops enabled, and the Java Heap may be blocking the growth of the native heap
# Possible solutions:
#   Reduce memory load on the system
#   Increase physical memory or swap space
#   Check if swap backing store is full
#   Decrease Java heap size (-Xmx/-Xms)
#   Decrease number of Java threads
#   Decrease Java thread stack sizes (-Xss)
#   Set larger code cache with -XX:ReservedCodeCacheSize=
#   JVM is running with Unscaled Compressed Oops mode in which the Java heap is
#     placed in the first 4GB address space. The Java Heap base address is the
#     maximum limit for the native heap growth. Please use -XX:HeapBaseMinAddress
#     to set the Java Heap base and to place the Java Heap above 4GB virtual address.
# This output file may be truncated or incomplete.
#
#  Out of Memory Error (allocation.cpp:389), pid=9132, tid=0x0000000000003b20
#
# JRE version: OpenJDK Runtime Environment (8.0_242-b01) (build 1.8.0_242-release-1644-b01)
# Java VM: OpenJDK 64-Bit Server VM (25.242-b01 mixed mode windows-amd64 compressed oops)
# Failed to write core dump. Minidumps are not enabled by default on client versions of Windows
#

---------------  T H R E A D  ---------------

Current thread (0x00000000167c3800):  JavaThread "C2 CompilerThread1" daemon [_thread_in_native, id=15136, stack(0x00000000182a0000,0x00000000183a0000)]

Stack: [0x00000000182a0000,0x00000000183a0000]
[error occurred during error reporting (printing stack bounds), id 0xc0000005]

Native frames: (J=compiled Java code, j=interpreted, Vv=VM code, C=native code)


Current CompileTask:
C2: 108684 7697       4       org.gradle.internal.snapshot.SnapshotUtil::getMetadataFromChildren (317 bytes)


---------------  P R O C E S S  ---------------

Java Threads: ( => current thread )
  0x000000001ef11800 JavaThread "Cache worker for execution history cache (C:\Users\lionking\AndroidStudioProjects\Anavada\.gradle\6.5\executionHistory)" [_thread_blocked, id=9676, stack(0x0000000029990000,0x0000000029a90000)]
  0x000000001ef0b000 JavaThread "Execution worker for ':' Thread 3" [_thread_in_vm, id=18892, stack(0x0000000029890000,0x0000000029990000)]
  0x000000001ef11000 JavaThread "Execution worker for ':' Thread 2" [_thread_blocked, id=15828, stack(0x0000000029790000,0x0000000029890000)]
  0x000000001ef10000 JavaThread "Execution worker for ':'" [_thread_blocked, id=27200, stack(0x00000000280e0000,0x00000000281e0000)]
  0x0000000018f07800 JavaThread "Cache worker for file content cache (C:\Users\lionking\AndroidStudioProjects\Anavada\.gradle\6.5\fileContent)" [_thread_blocked, id=7652, stack(0x0000000028240000,0x0000000028340000)]
  0x0000000018f0a000 JavaThread "Memory manager" [_thread_blocked, id=4452, stack(0x000000001ad70000,0x000000001ae70000)]
  0x0000000018f07000 JavaThread "Cache worker for Build Output Cleanup Cache (C:\Users\lionking\AndroidStudioProjects\Anavada\.gradle\buildOutputCleanup)" [_thread_blocked, id=3172, stack(0x0000000026fe0000,0x00000000270e0000)]
  0x0000000018f06000 JavaThread "jar transforms Thread 93" [_thread_blocked, id=11232, stack(0x0000000026ce0000,0x0000000026de0000)]
  0x0000000018f05800 JavaThread "jar transforms Thread 92" [_thread_blocked, id=29124, stack(0x0000000026be0000,0x0000000026ce0000)]
  0x0000000018efd800 JavaThread "jar transforms Thread 91" [_thread_blocked, id=4608, stack(0x0000000026ae0000,0x0000000026be0000)]
  0x0000000018f04800 JavaThread "jar transforms Thread 90" [_thread_blocked, id=18592, stack(0x00000000269e0000,0x0000000026ae0000)]
  0x0000000018f03800 JavaThread "jar transforms Thread 89" [_thread_blocked, id=31400, stack(0x00000000268e0000,0x00000000269e0000)]
  0x0000000018f03000 JavaThread "jar transforms Thread 88" [_thread_blocked, id=22212, stack(0x00000000267e0000,0x00000000268e0000)]
  0x0000000018f00800 JavaThread "jar transforms Thread 87" [_thread_blocked, id=11960, stack(0x00000000266e0000,0x00000000267e0000)]
  0x0000000018f00000 JavaThread "jar transforms Thread 86" [_thread_blocked, id=33220, stack(0x00000000265e0000,0x00000000266e0000)]
  0x0000000018efb800 JavaThread "jar transforms Thread 85" [_thread_blocked, id=4552, stack(0x00000000264e0000,0x00000000265e0000)]
  0x0000000018efd000 JavaThread "jar transforms Thread 84" [_thread_blocked, id=29860, stack(0x00000000263e0000,0x00000000264e0000)]
  0x0000000018efc000 JavaThread "jar transforms Thread 83" [_thread_blocked, id=26964, stack(0x00000000262e0000,0x00000000263e0000)]
  0x0000000018f02000 JavaThread "jar transforms Thread 82" [_thread_blocked, id=8448, stack(0x00000000261e0000,0x00000000262e0000)]
  0x0000000018eff000 JavaThread "jar transforms Thread 81" [_thread_blocked, id=28024, stack(0x00000000260e0000,0x00000000261e0000)]
  0x0000000018efa800 JavaThread "jar transforms Thread 80" [_thread_blocked, id=25024, stack(0x0000000025fe0000,0x00000000260e0000)]
  0x0000000018efe800 JavaThread "jar transforms Thread 79" [_thread_blocked, id=25120, stack(0x0000000025ee0000,0x0000000025fe0000)]
  0x0000000018f01800 JavaThread "jar transforms Thread 78" [_thread_blocked, id=11304, stack(0x0000000025de0000,0x0000000025ee0000)]
  0x000000001c14e000 JavaThread "jar transforms Thread 77" [_thread_blocked, id=25364, stack(0x0000000025ce0000,0x0000000025de0000)]
  0x000000001c14e800 JavaThread "jar transforms Thread 76" [_thread_blocked, id=22680, stack(0x0000000025be0000,0x0000000025ce0000)]
  0x000000001c14d000 JavaThread "jar transforms Thread 75" [_thread_blocked, id=30736, stack(0x0000000025ae0000,0x0000000025be0000)]
  0x000000001c14c800 JavaThread "jar transforms Thread 74" [_thread_blocked, id=2068, stack(0x00000000259e0000,0x0000000025ae0000)]
  0x000000001c14f800 JavaThread "jar transforms Thread 73" [_thread_blocked, id=29032, stack(0x00000000258e0000,0x00000000259e0000)]
  0x000000001c146800 JavaThread "jar transforms Thread 72" [_thread_blocked, id=32648, stack(0x00000000257e0000,0x00000000258e0000)]
  0x000000001c145800 JavaThread "jar transforms Thread 71" [_thread_blocked, id=11744, stack(0x00000000256e0000,0x00000000257e0000)]
  0x000000001c14b000 JavaThread "jar transforms Thread 70" [_thread_blocked, id=9484, stack(0x00000000255e0000,0x00000000256e0000)]
  0x000000001c14b800 JavaThread "jar transforms Thread 69" [_thread_blocked, id=27516, stack(0x00000000254e0000,0x00000000255e0000)]
  0x000000001c143800 JavaThread "jar transforms Thread 68" [_thread_blocked, id=7372, stack(0x00000000253e0000,0x00000000254e0000)]
  0x000000001c149800 JavaThread "jar transforms Thread 67" [_thread_blocked, id=24916, stack(0x00000000252e0000,0x00000000253e0000)]
  0x000000001c145000 JavaThread "jar transforms Thread 66" [_thread_blocked, id=13392, stack(0x00000000251e0000,0x00000000252e0000)]
  0x000000001c147000 JavaThread "jar transforms Thread 65" [_thread_blocked, id=6136, stack(0x00000000250e0000,0x00000000251e0000)]
  0x000000001c14a000 JavaThread "jar transforms Thread 64" [_thread_blocked, id=24300, stack(0x0000000024fe0000,0x00000000250e0000)]
  0x000000001c148800 JavaThread "jar transforms Thread 63" [_thread_blocked, id=4736, stack(0x0000000024ee0000,0x0000000024fe0000)]
  0x000000001c141000 JavaThread "jar transforms Thread 62" [_thread_blocked, id=21924, stack(0x0000000024de0000,0x0000000024ee0000)]
  0x000000001c148000 JavaThread "jar transforms Thread 61" [_thread_blocked, id=25636, stack(0x0000000024ce0000,0x0000000024de0000)]
  0x000000001c142800 JavaThread "jar transforms Thread 60" [_thread_blocked, id=12960, stack(0x0000000024be0000,0x0000000024ce0000)]
  0x000000001c140800 JavaThread "jar transforms Thread 59" [_thread_blocked, id=31428, stack(0x0000000024ae0000,0x0000000024be0000)]
  0x000000001c142000 JavaThread "jar transforms Thread 58" [_thread_blocked, id=29712, stack(0x00000000249e0000,0x0000000024ae0000)]
  0x000000001c144000 JavaThread "jar transforms Thread 57" [_thread_blocked, id=22520, stack(0x00000000248e0000,0x00000000249e0000)]
  0x0000000017c9c800 JavaThread "jar transforms Thread 56" [_thread_blocked, id=20456, stack(0x00000000247e0000,0x00000000248e0000)]
  0x0000000017c9b000 JavaThread "jar transforms Thread 55" [_thread_blocked, id=1328, stack(0x00000000246e0000,0x00000000247e0000)]
  0x0000000017c9a000 JavaThread "jar transforms Thread 54" [_thread_blocked, id=10608, stack(0x00000000245e0000,0x00000000246e0000)]
  0x0000000017c98800 JavaThread "jar transforms Thread 53" [_thread_blocked, id=2648, stack(0x00000000244e0000,0x00000000245e0000)]
  0x0000000017c98000 JavaThread "jar transforms Thread 52" [_thread_blocked, id=30528, stack(0x00000000243e0000,0x00000000244e0000)]
  0x0000000017c9b800 JavaThread "jar transforms Thread 51" [_thread_blocked, id=12716, stack(0x00000000242e0000,0x00000000243e0000)]
  0x0000000017c99800 JavaThread "jar transforms Thread 50" [_thread_blocked, id=4752, stack(0x00000000241e0000,0x00000000242e0000)]
  0x0000000017c90000 JavaThread "jar transforms Thread 49" [_thread_blocked, id=31972, stack(0x00000000240e0000,0x00000000241e0000)]
  0x0000000017c97000 JavaThread "jar transforms Thread 48" [_thread_blocked, id=25908, stack(0x0000000023fe0000,0x00000000240e0000)]
  0x0000000017c8f800 JavaThread "jar transforms Thread 47" [_thread_blocked, id=33668, stack(0x0000000023ee0000,0x0000000023fe0000)]
  0x0000000017c96800 JavaThread "jar transforms Thread 46" [_thread_blocked, id=2064, stack(0x0000000023de0000,0x0000000023ee0000)]
  0x0000000017c95800 JavaThread "jar transforms Thread 45" [_thread_blocked, id=15528, stack(0x0000000023ce0000,0x0000000023de0000)]
  0x0000000017c8e000 JavaThread "jar transforms Thread 44" [_thread_blocked, id=4964, stack(0x0000000023be0000,0x0000000023ce0000)]
  0x0000000017c91800 JavaThread "jar transforms Thread 43" [_thread_blocked, id=30872, stack(0x0000000023ae0000,0x0000000023be0000)]
  0x0000000017c94800 JavaThread "jar transforms Thread 42" [_thread_blocked, id=17944, stack(0x00000000239e0000,0x0000000023ae0000)]
  0x0000000017c91000 JavaThread "jar transforms Thread 41" [_thread_blocked, id=17424, stack(0x00000000238e0000,0x00000000239e0000)]
  0x0000000017c8d000 JavaThread "jar transforms Thread 40" [_thread_blocked, id=32320, stack(0x00000000237e0000,0x00000000238e0000)]
  0x0000000017c94000 JavaThread "jar transforms Thread 39" [_thread_blocked, id=6012, stack(0x00000000236e0000,0x00000000237e0000)]
  0x0000000017c8e800 JavaThread "jar transforms Thread 38" [_thread_blocked, id=30696, stack(0x00000000235e0000,0x00000000236e0000)]
  0x0000000017c93000 JavaThread "jar transforms Thread 37" [_thread_blocked, id=31968, stack(0x00000000234e0000,0x00000000235e0000)]
  0x0000000017c92800 JavaThread "jar transforms Thread 36" [_thread_blocked, id=16280, stack(0x00000000233e0000,0x00000000234e0000)]
  0x0000000019029800 JavaThread "jar transforms Thread 35" [_thread_blocked, id=23164, stack(0x00000000232e0000,0x00000000233e0000)]
  0x0000000019030000 JavaThread "jar transforms Thread 34" [_thread_blocked, id=31496, stack(0x00000000231e0000,0x00000000232e0000)]
  0x000000001902a800 JavaThread "jar transforms Thread 33" [_thread_blocked, id=34036, stack(0x00000000230e0000,0x00000000231e0000)]
  0x0000000019029000 JavaThread "jar transforms Thread 32" [_thread_blocked, id=28880, stack(0x0000000022fe0000,0x00000000230e0000)]
  0x000000001902e800 JavaThread "jar transforms Thread 31" [_thread_blocked, id=29236, stack(0x0000000022ee0000,0x0000000022fe0000)]
  0x000000001902d800 JavaThread "jar transforms Thread 30" [_thread_blocked, id=15180, stack(0x0000000022de0000,0x0000000022ee0000)]
  0x000000001902c800 JavaThread "jar transforms Thread 29" [_thread_blocked, id=27388, stack(0x0000000022ce0000,0x0000000022de0000)]
  0x000000001902b000 JavaThread "jar transforms Thread 28" [_thread_blocked, id=17420, stack(0x0000000022be0000,0x0000000022ce0000)]
  0x000000001902c000 JavaThread "jar transforms Thread 27" [_thread_blocked, id=24912, stack(0x0000000022ae0000,0x0000000022be0000)]
  0x000000001902f000 JavaThread "jar transforms Thread 26" [_thread_blocked, id=16572, stack(0x00000000229e0000,0x0000000022ae0000)]
  0x0000000019025000 JavaThread "jar transforms Thread 25" [_thread_blocked, id=34160, stack(0x00000000228e0000,0x00000000229e0000)]
  0x0000000019023000 JavaThread "jar transforms Thread 24" [_thread_blocked, id=29920, stack(0x00000000227e0000,0x00000000228e0000)]
  0x0000000019021800 JavaThread "jar transforms Thread 23" [_thread_blocked, id=28964, stack(0x00000000226e0000,0x00000000227e0000)]
  0x0000000019028000 JavaThread "jar transforms Thread 22" [_thread_blocked, id=12912, stack(0x00000000225e0000,0x00000000226e0000)]
  0x0000000019020800 JavaThread "jar transforms Thread 21" [_thread_blocked, id=22032, stack(0x00000000224e0000,0x00000000225e0000)]
  0x0000000019027800 JavaThread "jar transforms Thread 20" [_thread_blocked, id=10192, stack(0x00000000223e0000,0x00000000224e0000)]
  0x0000000019026800 JavaThread "jar transforms Thread 19" [_thread_blocked, id=28820, stack(0x00000000222e0000,0x00000000223e0000)]
  0x0000000019022000 JavaThread "jar transforms Thread 18" [_thread_blocked, id=28644, stack(0x00000000221e0000,0x00000000222e0000)]
  0x0000000019026000 JavaThread "jar transforms Thread 17" [_thread_blocked, id=27292, stack(0x0000000021fe0000,0x00000000220e0000)]
  0x0000000019024800 JavaThread "jar transforms Thread 16" [_thread_blocked, id=32136, stack(0x0000000021ee0000,0x0000000021fe0000)]
  0x0000000019023800 JavaThread "jar transforms Thread 15" [_thread_blocked, id=34664, stack(0x0000000021de0000,0x0000000021ee0000)]
  0x000000001c407800 JavaThread "jar transforms Thread 14" [_thread_blocked, id=8440, stack(0x0000000021ce0000,0x0000000021de0000)]
  0x000000001c401800 JavaThread "jar transforms Thread 13" [_thread_blocked, id=6008, stack(0x0000000021be0000,0x0000000021ce0000)]
  0x000000001c400000 JavaThread "jar transforms Thread 12" [_thread_blocked, id=9876, stack(0x0000000021ae0000,0x0000000021be0000)]
  0x000000001c406800 JavaThread "jar transforms Thread 11" [_thread_blocked, id=14016, stack(0x00000000219e0000,0x0000000021ae0000)]
  0x000000001c403800 JavaThread "jar transforms Thread 10" [_thread_blocked, id=12172, stack(0x00000000218e0000,0x00000000219e0000)]
  0x000000001c400800 JavaThread "jar transforms Thread 9" [_thread_blocked, id=35536, stack(0x00000000217e0000,0x00000000218e0000)]
  0x000000001c3ff000 JavaThread "jar transforms Thread 8" [_thread_blocked, id=28268, stack(0x00000000216e0000,0x00000000217e0000)]
  0x000000001c406000 JavaThread "jar transforms Thread 7" [_thread_blocked, id=3752, stack(0x00000000215e0000,0x00000000216e0000)]
  0x000000001c404800 JavaThread "jar transforms Thread 6" [_thread_blocked, id=9220, stack(0x00000000214e0000,0x00000000215e0000)]
  0x000000001c405000 JavaThread "jar transforms Thread 5" [_thread_blocked, id=33744, stack(0x00000000213e0000,0x00000000214e0000)]
  0x000000001c402000 JavaThread "jar transforms Thread 4" [_thread_blocked, id=27068, stack(0x00000000212e0000,0x00000000213e0000)]
  0x000000001c403000 JavaThread "jar transforms Thread 3" [_thread_blocked, id=33896, stack(0x00000000211e0000,0x00000000212e0000)]
  0x000000001c3fa800 JavaThread "jar transforms Thread 2" [_thread_blocked, id=28724, stack(0x00000000210e0000,0x00000000211e0000)]
  0x000000001c3f8800 JavaThread "Build operations Thread 4" [_thread_blocked, id=24604, stack(0x0000000020fe0000,0x00000000210e0000)]
  0x000000001c3fe800 JavaThread "Build operations Thread 3" [_thread_blocked, id=5896, stack(0x0000000020ee0000,0x0000000020fe0000)]
  0x000000001c3fd000 JavaThread "Build operations Thread 2" [_thread_blocked, id=16560, stack(0x0000000020de0000,0x0000000020ee0000)]
  0x000000001c3fc000 JavaThread "Build operations" [_thread_blocked, id=11564, stack(0x0000000020ce0000,0x0000000020de0000)]
  0x000000001c3fd800 JavaThread "Cache worker for file content cache (C:\Users\lionking\.gradle\caches\6.5\fileContent)" [_thread_blocked, id=33440, stack(0x00000000205e0000,0x00000000206e0000)]
  0x0000000019ade800 JavaThread "jar transforms" [_thread_blocked, id=17680, stack(0x00000000204e0000,0x00000000205e0000)]
  0x0000000019ae4000 JavaThread "Cache worker for execution history cache (C:\Users\lionking\.gradle\caches\6.5\executionHistory)" [_thread_blocked, id=18516, stack(0x000000001fde0000,0x000000001fee0000)]
  0x0000000019ae0000 JavaThread "Cache worker for cache directory md-rule (C:\Users\lionking\.gradle\caches\6.5\md-rule)" [_thread_blocked, id=22112, stack(0x000000001fce0000,0x000000001fde0000)]
  0x0000000019ae1800 JavaThread "Cache worker for cache directory md-supplier (C:\Users\lionking\.gradle\caches\6.5\md-supplier)" [_thread_blocked, id=31144, stack(0x000000001fbe0000,0x000000001fce0000)]
  0x0000000019ae5000 JavaThread "Cache worker for checksums cache (C:\Users\lionking\AndroidStudioProjects\Anavada\.gradle\checksums)" [_thread_blocked, id=26096, stack(0x000000001fae0000,0x000000001fbe0000)]
  0x0000000019ae2800 JavaThread "Cache worker for file hash cache (C:\Users\lionking\AndroidStudioProjects\Anavada\.gradle\6.5\fileHashes)" [_thread_blocked, id=12740, stack(0x000000001e7e0000,0x000000001e8e0000)]
  0x0000000019ae5800 JavaThread "Cache worker for file hash cache (C:\Users\lionking\.gradle\caches\6.5\fileHashes)" [_thread_blocked, id=14500, stack(0x000000001e2e0000,0x000000001e3e0000)]
  0x0000000019ae3000 JavaThread "File lock request listener" [_thread_in_native, id=31252, stack(0x000000001e1e0000,0x000000001e2e0000)]
  0x0000000019ae1000 JavaThread "Cache worker for journal cache (C:\Users\lionking\.gradle\caches\journal-1)" [_thread_blocked, id=16120, stack(0x000000001d110000,0x000000001d210000)]
  0x0000000019048000 JavaThread "Thread-9" [_thread_blocked, id=23268, stack(0x000000001ae70000,0x000000001af70000)]
  0x0000000019046000 JavaThread "Asynchronous log dispatcher for DefaultDaemonConnection: socket connection from /127.0.0.1:54040 to /127.0.0.1:54041" [_thread_blocked, id=4284, stack(0x000000001ac70000,0x000000001ad70000)]
  0x0000000019043800 JavaThread "Daemon worker" [_thread_blocked, id=11624, stack(0x000000001ab70000,0x000000001ac70000)]
  0x0000000019409800 JavaThread "Cancel handler" [_thread_blocked, id=35448, stack(0x000000001aa70000,0x000000001ab70000)]
  0x0000000017d10000 JavaThread "Handler for socket connection from /127.0.0.1:54040 to /127.0.0.1:54041" [_thread_in_native, id=11460, stack(0x000000001a970000,0x000000001aa70000)]
  0x0000000017d0f800 JavaThread "Daemon" [_thread_blocked, id=35100, stack(0x000000001a870000,0x000000001a970000)]
  0x0000000018be3000 JavaThread "Daemon periodic checks" [_thread_blocked, id=17636, stack(0x000000001a570000,0x000000001a670000)]
  0x0000000018b36000 JavaThread "Incoming local TCP Connector on port 54040" [_thread_in_native, id=31916, stack(0x000000001a390000,0x000000001a490000)]
  0x00000000190a0800 JavaThread "Daemon health stats" [_thread_blocked, id=3080, stack(0x000000001a070000,0x000000001a170000)]
  0x0000000017c0a000 JavaThread "Service Thread" daemon [_thread_blocked, id=15020, stack(0x00000000184a0000,0x00000000185a0000)]
  0x0000000017c04800 JavaThread "C1 CompilerThread2" daemon [_thread_blocked, id=35528, stack(0x00000000183a0000,0x00000000184a0000)]
=>0x00000000167c3800 JavaThread "C2 CompilerThread1" daemon [_thread_in_native, id=15136, stack(0x00000000182a0000,0x00000000183a0000)]
  0x00000000167bf800 JavaThread "C2 CompilerThread0" daemon [_thread_blocked, id=28248, stack(0x00000000181a0000,0x00000000182a0000)]
  0x00000000167be800 JavaThread "Attach Listener" daemon [_thread_blocked, id=10644, stack(0x00000000180a0000,0x00000000181a0000)]
  0x0000000017bb0800 JavaThread "Signal Dispatcher" daemon [_thread_blocked, id=8144, stack(0x0000000017fa0000,0x00000000180a0000)]
  0x0000000002e35800 JavaThread "Finalizer" daemon [_thread_blocked, id=3412, stack(0x0000000017a10000,0x0000000017b10000)]
  0x0000000016799000 JavaThread "Reference Handler" daemon [_thread_blocked, id=2204, stack(0x0000000017910000,0x0000000017a10000)]
  0x0000000002d3e000 JavaThread "main" [_thread_blocked, id=17164, stack(0x0000000002c10000,0x0000000002d10000)]

Other Threads:
  0x0000000016777000 VMThread [stack: 0x0000000017810000,0x0000000017910000] [id=8648]
  0x0000000017c0b800 WatcherThread [stack: 0x00000000185a0000,0x00000000186a0000] [id=32416]

VM state:not at safepoint (normal execution)

VM Mutex/Monitor currently owned by a thread: None

heap address: 0x00000000a0000000, size: 1536 MB, Compressed Oops mode: 32-bit
Narrow klass base: 0x0000000000000000, Narrow klass shift: 3
Compressed class space size: 1073741824 Address: 0x0000000100000000

Heap:
 PSYoungGen      total 171008K, used 40786K [0x00000000e0000000, 0x00000000ee180000, 0x0000000100000000)
  eden space 151040K, 17% used [0x00000000e0000000,0x00000000e1a35440,0x00000000e9380000)
  from space 19968K, 69% used [0x00000000e9380000,0x00000000ea11f578,0x00000000ea700000)
  to   space 20992K, 0% used [0x00000000ecd00000,0x00000000ecd00000,0x00000000ee180000)
 ParOldGen       total 84992K, used 38336K [0x00000000a0000000, 0x00000000a5300000, 0x00000000e0000000)
  object space 84992K, 45% used [0x00000000a0000000,0x00000000a25702f8,0x00000000a5300000)
 Metaspace       used 64353K, capacity 67392K, committed 67672K, reserved 1107968K
  class space    used 8865K, capacity 9489K, committed 9600K, reserved 1048576K

Card table byte_map: [0x0000000012200000,0x0000000012510000] byte_map_base: 0x0000000011d00000

Marking Bits: (ParMarkBitMap*) 0x000000006e52f030
 Begin Bits: [0x0000000012b10000, 0x0000000014310000)
 End Bits:   [0x0000000014310000, 0x0000000015b10000)

Polling page: 0x0000000001090000

CodeCache: size=245760Kb used=22009Kb max_used=22024Kb free=223750Kb
 bounds [0x0000000002e40000, 0x00000000043e0000, 0x0000000011e40000]
 total_blobs=7580 nmethods=6793 adapters=700
 compilation: enabled

Compilation events (10 events):
Event: 108.532 Thread 0x00000000167bf800 nmethod 7772 0x00000000043cc5d0 code [0x00000000043cc740, 0x00000000043ccc78]
Event: 108.532 Thread 0x00000000167bf800 7774       4       org.gradle.internal.snapshot.CompleteDirectorySnapshot::accept (58 bytes)
Event: 108.548 Thread 0x00000000167bf800 nmethod 7774 0x00000000043cd690 code [0x00000000043cd840, 0x00000000043cdf88]
Event: 108.548 Thread 0x00000000167bf800 7773       4       java.util.LinkedList::peekLast (18 bytes)
Event: 108.548 Thread 0x00000000167bf800 nmethod 7773 0x0000000003550bd0 code [0x0000000003550d00, 0x0000000003550d78]
Event: 108.620 Thread 0x0000000017c04800 7775   !   3       org.gradle.api.internal.file.FileOrUriNotationConverter::convert (310 bytes)
Event: 108.624 Thread 0x0000000017c04800 nmethod 7775 0x00000000043d1f10 code [0x00000000043d23c0, 0x00000000043d5748]
Event: 108.629 Thread 0x0000000017c04800 7776       3       com.google.common.collect.ImmutableList::copyOf (22 bytes)
Event: 108.632 Thread 0x0000000017c04800 nmethod 7776 0x00000000043d0dd0 code [0x00000000043d0fc0, 0x00000000043d1938]
Event: 108.640 Thread 0x00000000167bf800 7777 %     4       org.apache.commons.io.FilenameUtils::doNormalize @ 74 (534 bytes)

GC Heap History (10 events):
Event: 58.286 GC heap before
{Heap before GC invocations=14 (full 2):
 PSYoungGen      total 102912K, used 92672K [0x00000000e0000000, 0x00000000e9d00000, 0x0000000100000000)
  eden space 92672K, 100% used [0x00000000e0000000,0x00000000e5a80000,0x00000000e5a80000)
  from space 10240K, 0% used [0x00000000e5a80000,0x00000000e5a80000,0x00000000e6480000)
  to   space 10240K, 0% used [0x00000000e9300000,0x00000000e9300000,0x00000000e9d00000)
 ParOldGen       total 47104K, used 14655K [0x00000000a0000000, 0x00000000a2e00000, 0x00000000e0000000)
  object space 47104K, 31% used [0x00000000a0000000,0x00000000a0e4fec0,0x00000000a2e00000)
 Metaspace       used 37001K, capacity 38540K, committed 38744K, reserved 1083392K
  class space    used 5077K, capacity 5379K, committed 5504K, reserved 1048576K
Event: 58.387 GC heap after
Heap after GC invocations=14 (full 2):
 PSYoungGen      total 128000K, used 6821K [0x00000000e0000000, 0x00000000e9a00000, 0x0000000100000000)
  eden space 120832K, 0% used [0x00000000e0000000,0x00000000e0000000,0x00000000e7600000)
  from space 7168K, 95% used [0x00000000e9300000,0x00000000e99a95b0,0x00000000e9a00000)
  to   space 10240K, 0% used [0x00000000e8600000,0x00000000e8600000,0x00000000e9000000)
 ParOldGen       total 47104K, used 14663K [0x00000000a0000000, 0x00000000a2e00000, 0x00000000e0000000)
  object space 47104K, 31% used [0x00000000a0000000,0x00000000a0e51ec0,0x00000000a2e00000)
 Metaspace       used 37001K, capacity 38540K, committed 38744K, reserved 1083392K
  class space    used 5077K, capacity 5379K, committed 5504K, reserved 1048576K
}
Event: 71.294 GC heap before
{Heap before GC invocations=15 (full 2):
 PSYoungGen      total 128000K, used 127653K [0x00000000e0000000, 0x00000000e9a00000, 0x0000000100000000)
  eden space 120832K, 100% used [0x00000000e0000000,0x00000000e7600000,0x00000000e7600000)
  from space 7168K, 95% used [0x00000000e9300000,0x00000000e99a95b0,0x00000000e9a00000)
  to   space 10240K, 0% used [0x00000000e8600000,0x00000000e8600000,0x00000000e9000000)
 ParOldGen       total 47104K, used 14663K [0x00000000a0000000, 0x00000000a2e00000, 0x00000000e0000000)
  object space 47104K, 31% used [0x00000000a0000000,0x00000000a0e51ec0,0x00000000a2e00000)
 Metaspace       used 48782K, capacity 50608K, committed 51032K, reserved 1093632K
  class space    used 6536K, capacity 6917K, committed 7040K, reserved 1048576K
Event: 71.556 GC heap after
Heap after GC invocations=15 (full 2):
 PSYoungGen      total 147456K, used 10231K [0x00000000e0000000, 0x00000000eb580000, 0x0000000100000000)
  eden space 137216K, 0% used [0x00000000e0000000,0x00000000e0000000,0x00000000e8600000)
  from space 10240K, 99% used [0x00000000e8600000,0x00000000e8ffdc58,0x00000000e9000000)
  to   space 14848K, 0% used [0x00000000ea700000,0x00000000ea700000,0x00000000eb580000)
 ParOldGen       total 47104K, used 23848K [0x00000000a0000000, 0x00000000a2e00000, 0x00000000e0000000)
  object space 47104K, 50% used [0x00000000a0000000,0x00000000a174a168,0x00000000a2e00000)
 Metaspace       used 48782K, capacity 50608K, committed 51032K, reserved 1093632K
  class space    used 6536K, capacity 6917K, committed 7040K, reserved 1048576K
}
Event: 85.481 GC heap before
{Heap before GC invocations=16 (full 2):
 PSYoungGen      total 147456K, used 143420K [0x00000000e0000000, 0x00000000eb580000, 0x0000000100000000)
  eden space 137216K, 97% used [0x00000000e0000000,0x00000000e8211760,0x00000000e8600000)
  from space 10240K, 99% used [0x00000000e8600000,0x00000000e8ffdc58,0x00000000e9000000)
  to   space 14848K, 0% used [0x00000000ea700000,0x00000000ea700000,0x00000000eb580000)
 ParOldGen       total 47104K, used 23848K [0x00000000a0000000, 0x00000000a2e00000, 0x00000000e0000000)
  object space 47104K, 50% used [0x00000000a0000000,0x00000000a174a168,0x00000000a2e00000)
 Metaspace       used 56469K, capacity 58818K, committed 59028K, reserved 1099776K
  class space    used 7679K, capacity 8169K, committed 8192K, reserved 1048576K
Event: 85.832 GC heap after
Heap after GC invocations=16 (full 2):
 PSYoungGen      total 165888K, used 14827K [0x00000000e0000000, 0x00000000ed400000, 0x0000000100000000)
  eden space 151040K, 0% used [0x00000000e0000000,0x00000000e0000000,0x00000000e9380000)
  from space 14848K, 99% used [0x00000000ea700000,0x00000000eb57aee0,0x00000000eb580000)
  to   space 19968K, 0% used [0x00000000e9380000,0x00000000e9380000,0x00000000ea700000)
 ParOldGen       total 47104K, used 30958K [0x00000000a0000000, 0x00000000a2e00000, 0x00000000e0000000)
  object space 47104K, 65% used [0x00000000a0000000,0x00000000a1e3bb38,0x00000000a2e00000)
 Metaspace       used 56469K, capacity 58818K, committed 59028K, reserved 1099776K
  class space    used 7679K, capacity 8169K, committed 8192K, reserved 1048576K
}
Event: 85.832 GC heap before
{Heap before GC invocations=17 (full 3):
 PSYoungGen      total 165888K, used 14827K [0x00000000e0000000, 0x00000000ed400000, 0x0000000100000000)
  eden space 151040K, 0% used [0x00000000e0000000,0x00000000e0000000,0x00000000e9380000)
  from space 14848K, 99% used [0x00000000ea700000,0x00000000eb57aee0,0x00000000eb580000)
  to   space 19968K, 0% used [0x00000000e9380000,0x00000000e9380000,0x00000000ea700000)
 ParOldGen       total 47104K, used 30958K [0x00000000a0000000, 0x00000000a2e00000, 0x00000000e0000000)
  object space 47104K, 65% used [0x00000000a0000000,0x00000000a1e3bb38,0x00000000a2e00000)
 Metaspace       used 56469K, capacity 58818K, committed 59028K, reserved 1099776K
  class space    used 7679K, capacity 8169K, committed 8192K, reserved 1048576K
Event: 88.054 GC heap after
Heap after GC invocations=17 (full 3):
 PSYoungGen      total 165888K, used 0K [0x00000000e0000000, 0x00000000ed400000, 0x0000000100000000)
  eden space 151040K, 0% used [0x00000000e0000000,0x00000000e0000000,0x00000000e9380000)
  from space 14848K, 0% used [0x00000000ea700000,0x00000000ea700000,0x00000000eb580000)
  to   space 19968K, 0% used [0x00000000e9380000,0x00000000e9380000,0x00000000ea700000)
 ParOldGen       total 84992K, used 38328K [0x00000000a0000000, 0x00000000a5300000, 0x00000000e0000000)
  object space 84992K, 45% used [0x00000000a0000000,0x00000000a256e2f8,0x00000000a5300000)
 Metaspace       used 56460K, capacity 58788K, committed 59028K, reserved 1099776K
  class space    used 7677K, capacity 8164K, committed 8192K, reserved 1048576K
}
Event: 105.240 GC heap before
{Heap before GC invocations=18 (full 3):
 PSYoungGen      total 165888K, used 151040K [0x00000000e0000000, 0x00000000ed400000, 0x0000000100000000)
  eden space 151040K, 100% used [0x00000000e0000000,0x00000000e9380000,0x00000000e9380000)
  from space 14848K, 0% used [0x00000000ea700000,0x00000000ea700000,0x00000000eb580000)
  to   space 19968K, 0% used [0x00000000e9380000,0x00000000e9380000,0x00000000ea700000)
 ParOldGen       total 84992K, used 38328K [0x00000000a0000000, 0x00000000a5300000, 0x00000000e0000000)
  object space 84992K, 45% used [0x00000000a0000000,0x00000000a256e2f8,0x00000000a5300000)
 Metaspace       used 63989K, capacity 67076K, committed 67288K, reserved 1107968K
  class space    used 8813K, capacity 9397K, committed 9472K, reserved 1048576K
Event: 105.949 GC heap after
Heap after GC invocations=18 (full 3):
 PSYoungGen      total 171008K, used 13949K [0x00000000e0000000, 0x00000000ee180000, 0x0000000100000000)
  eden space 151040K, 0% used [0x00000000e0000000,0x00000000e0000000,0x00000000e9380000)
  from space 19968K, 69% used [0x00000000e9380000,0x00000000ea11f578,0x00000000ea700000)
  to   space 20992K, 0% used [0x00000000ecd00000,0x00000000ecd00000,0x00000000ee180000)
 ParOldGen       total 84992K, used 38336K [0x00000000a0000000, 0x00000000a5300000, 0x00000000e0000000)
  object space 84992K, 45% used [0x00000000a0000000,0x00000000a25702f8,0x00000000a5300000)
 Metaspace       used 63989K, capacity 67076K, committed 67288K, reserved 1107968K
  class space    used 8813K, capacity 9397K, committed 9472K, reserved 1048576K
}

Deoptimization events (10 events):
Event: 100.256 Thread 0x000000001c3fd000 Uncommon trap: reason=bimorphic action=maybe_recompile pc=0x0000000003ad21c4 method=java.util.concurrent.ConcurrentHashMap.putVal(Ljava/lang/Object;Ljava/lang/Object;Z)Ljava/lang/Object; @ 192
Event: 100.322 Thread 0x000000001ef0b000 Uncommon trap: reason=bimorphic action=maybe_recompile pc=0x0000000003ad21c4 method=java.util.concurrent.ConcurrentHashMap.putVal(Ljava/lang/Object;Ljava/lang/Object;Z)Ljava/lang/Object; @ 192
Event: 100.741 Thread 0x000000001ef0b000 Uncommon trap: reason=unstable_if action=reinterpret pc=0x000000000312c7fc method=java.lang.String$CaseInsensitiveComparator.compare(Ljava/lang/String;Ljava/lang/String;)I @ 70
Event: 101.438 Thread 0x0000000019ae4000 Uncommon trap: reason=class_check action=maybe_recompile pc=0x00000000032f52d0 method=java.io.BufferedInputStream.read1([BII)I @ 39
Event: 101.440 Thread 0x0000000019ae4000 Uncommon trap: reason=unstable_if action=reinterpret pc=0x00000000039aaafc method=com.esotericsoftware.kryo.io.Input.readVarInt(Z)I @ 42
Event: 101.532 Thread 0x0000000019ae4000 Uncommon trap: reason=class_check action=maybe_recompile pc=0x00000000032f52d0 method=java.io.BufferedInputStream.read1([BII)I @ 39
Event: 101.533 Thread 0x0000000019ae4000 Uncommon trap: reason=unstable_if action=reinterpret pc=0x000000000395aa28 method=com.esotericsoftware.kryo.io.Input.readVarInt(Z)I @ 42
Event: 102.066 Thread 0x0000000019ae4000 Uncommon trap: reason=class_check action=maybe_recompile pc=0x00000000032f52d0 method=java.io.BufferedInputStream.read1([BII)I @ 39
Event: 102.113 Thread 0x0000000019ae4000 Uncommon trap: reason=class_check action=maybe_recompile pc=0x0000000002ff059c method=java.io.BufferedInputStream.read1([BII)I @ 39
Event: 107.085 Thread 0x000000001ef0b000 Uncommon trap: reason=unstable_if action=reinterpret pc=0x0000000003bf1064 method=com.google.gson.stream.JsonReader.nextNonWhitespace(Z)I @ 93

Classes redefined (0 events):
No events

Internal exceptions (10 events):
Event: 98.354 Thread 0x000000001ef0b000 Exception <a 'java/lang/ClassNotFoundException': com/google/gms/googleservices/GoogleServicesPlugin$VersionRangeCustomizer> (0x00000000e61c7458) thrown at [C:\src\AOSP-openjdk-git\hotspot\src\share\vm\classfile\systemDictionary.cpp, line 210]
Event: 100.135 Thread 0x000000001c3fe800 Exception <a 'java/lang/NoSuchMethodError': java.lang.Object.lambda$flatMap$1(Ljava/util/function/Function;Lorg/gradle/internal/Try;)Lorg/gradle/api/internal/artifacts/transform/CacheableInvocation;> (0x00000000e5e37c70) thrown at [C:\src\AOSP-openjdk-git
Event: 100.135 Thread 0x000000001ef0b000 Exception <a 'java/lang/NoSuchMethodError': java.lang.Object.lambda$flatMap$1(Ljava/util/function/Function;Lorg/gradle/internal/Try;)Lorg/gradle/api/internal/artifacts/transform/CacheableInvocation;> (0x00000000e68c65b8) thrown at [C:\src\AOSP-openjdk-git
Event: 100.135 Thread 0x000000001c3fe800 Exception <a 'java/lang/NoSuchMethodError': java.lang.Object.lambda$flatMap$4(Ljava/util/function/Function;)Lorg/gradle/api/internal/artifacts/transform/CacheableInvocation;> (0x00000000e5e3c0a0) thrown at [C:\src\AOSP-openjdk-git\hotspot\src\share\vm\int
Event: 100.135 Thread 0x000000001ef0b000 Exception <a 'java/lang/NoSuchMethodError': java.lang.Object.lambda$flatMap$4(Ljava/util/function/Function;)Lorg/gradle/api/internal/artifacts/transform/CacheableInvocation;> (0x00000000e68ca638) thrown at [C:\src\AOSP-openjdk-git\hotspot\src\share\vm\int
Event: 100.136 Thread 0x000000001c3fe800 Exception <a 'java/lang/NoSuchMethodError': java.lang.Object.lambda$flatMap$3(Ljava/util/function/Function;)Lorg/gradle/internal/Try;> (0x00000000e5e405c8) thrown at [C:\src\AOSP-openjdk-git\hotspot\src\share\vm\interpreter\linkResolver.cpp, line 620]
Event: 100.136 Thread 0x000000001ef0b000 Exception <a 'java/lang/NoSuchMethodError': java.lang.Object.lambda$flatMap$3(Ljava/util/function/Function;)Lorg/gradle/internal/Try;> (0x00000000e68cf760) thrown at [C:\src\AOSP-openjdk-git\hotspot\src\share\vm\interpreter\linkResolver.cpp, line 620]
Event: 100.678 Thread 0x000000001c3fd000 Exception <a 'java/lang/NoSuchMethodError': java.lang.Object.lambda$flatMap$2(Ljava/util/function/Function;Ljava/lang/Object;)Lorg/gradle/internal/Try;> (0x00000000e6b902f0) thrown at [C:\src\AOSP-openjdk-git\hotspot\src\share\vm\interpreter\linkResolver.
Event: 107.197 Thread 0x0000000019048000 Exception <a 'java/lang/NoSuchMethodError': <clinit>> (0x00000000e0920360) thrown at [C:\src\AOSP-openjdk-git\hotspot\src\share\vm\prims\jni.cpp, line 1615]
Event: 107.584 Thread 0x000000001ef0b000 Exception <a 'java/lang/NoSuchMethodError': java.lang.Object.lambda$flatMap$0(Ljava/lang/Throwable;)Lorg/gradle/api/internal/artifacts/transform/CacheableInvocation;> (0x00000000e0ebd308) thrown at [C:\src\AOSP-openjdk-git\hotspot\src\share\vm\interpreter

Events (10 events):
Event: 108.617 loading class org/gradle/internal/snapshot/MissingFileSnapshot
Event: 108.617 loading class org/gradle/internal/snapshot/MissingFileSnapshot done
Event: 108.619 loading class org/gradle/internal/snapshot/MissingFileSnapshot
Event: 108.619 loading class org/gradle/internal/snapshot/MissingFileSnapshot done
Event: 108.619 loading class org/gradle/internal/snapshot/MissingFileSnapshot
Event: 108.619 loading class org/gradle/internal/snapshot/MissingFileSnapshot done
Event: 108.633 loading class org/gradle/internal/execution/history/changes/DefaultExecutionStateChangeDetector$NonIncrementalDetectedExecutionStateChanges
Event: 108.633 loading class org/gradle/internal/execution/history/changes/DefaultExecutionStateChangeDetector$NonIncrementalDetectedExecutionStateChanges done
Event: 108.636 loading class org/gradle/internal/execution/steps/CreateOutputsStep$1
Event: 108.636 loading class org/gradle/internal/execution/steps/CreateOutputsStep$1 done


Dynamic libraries:
0x00007ff780770000 - 0x00007ff7807a1000 	C:\Program Files\Android\Android Studio1\jre\bin\java.exe
0x00007ffea4250000 - 0x00007ffea4445000 	C:\WINDOWS\SYSTEM32\ntdll.dll
0x00007ffea3e00000 - 0x00007ffea3ebd000 	C:\WINDOWS\System32\KERNEL32.DLL
0x00007ffea1bf0000 - 0x00007ffea1eb8000 	C:\WINDOWS\System32\KERNELBASE.dll
0x00007ffea3800000 - 0x00007ffea38ac000 	C:\WINDOWS\System32\ADVAPI32.dll
0x00007ffea3410000 - 0x00007ffea34ae000 	C:\WINDOWS\System32\msvcrt.dll
0x00007ffea3fc0000 - 0x00007ffea405b000 	C:\WINDOWS\System32\sechost.dll
0x00007ffea2710000 - 0x00007ffea283b000 	C:\WINDOWS\System32\RPCRT4.dll
0x00007ffea4060000 - 0x00007ffea4200000 	C:\WINDOWS\System32\USER32.dll
0x00007ffea2280000 - 0x00007ffea22a2000 	C:\WINDOWS\System32\win32u.dll
0x00007ffea2610000 - 0x00007ffea263a000 	C:\WINDOWS\System32\GDI32.dll
0x00007ffea2070000 - 0x00007ffea217b000 	C:\WINDOWS\System32\gdi32full.dll
0x00007ffea21e0000 - 0x00007ffea227d000 	C:\WINDOWS\System32\msvcp_win.dll
0x00007ffea1990000 - 0x00007ffea1a90000 	C:\WINDOWS\System32\ucrtbase.dll
0x00007ffe94080000 - 0x00007ffe9431a000 	C:\WINDOWS\WinSxS\amd64_microsoft.windows.common-controls_6595b64144ccf1df_6.0.19041.844_none_ca00b6081b84eb1d\COMCTL32.dll
0x00007ffea33e0000 - 0x00007ffea3410000 	C:\WINDOWS\System32\IMM32.DLL
0x000000006d500000 - 0x000000006d5d2000 	C:\Program Files\Android\Android Studio1\jre\jre\bin\msvcr100.dll
0x000000006dd60000 - 0x000000006e5ab000 	C:\Program Files\Android\Android Studio1\jre\jre\bin\server\jvm.dll
0x00007ffea3300000 - 0x00007ffea3308000 	C:\WINDOWS\System32\PSAPI.DLL
0x00007ffe9d5d0000 - 0x00007ffe9d5d9000 	C:\WINDOWS\SYSTEM32\WSOCK32.dll
0x00007ffea35e0000 - 0x00007ffea364b000 	C:\WINDOWS\System32\WS2_32.dll
0x00007ffe92e30000 - 0x00007ffe92e3a000 	C:\WINDOWS\SYSTEM32\VERSION.dll
0x00007ffe90900000 - 0x00007ffe90927000 	C:\WINDOWS\SYSTEM32\WINMM.dll
0x00007ffe9b550000 - 0x00007ffe9b55f000 	C:\Program Files\Android\Android Studio1\jre\jre\bin\verify.dll
0x00007ffe95b20000 - 0x00007ffe95b49000 	C:\Program Files\Android\Android Studio1\jre\jre\bin\java.dll
0x00007ffe94880000 - 0x00007ffe94896000 	C:\Program Files\Android\Android Studio1\jre\jre\bin\zip.dll
0x00007ffea2980000 - 0x00007ffea30c2000 	C:\WINDOWS\System32\SHELL32.dll
0x00007ffe9f7e0000 - 0x00007ffe9ff71000 	C:\WINDOWS\SYSTEM32\windows.storage.dll
0x00007ffea22b0000 - 0x00007ffea2605000 	C:\WINDOWS\System32\combase.dll
0x00007ffea1330000 - 0x00007ffea135c000 	C:\WINDOWS\SYSTEM32\Wldp.dll
0x00007ffea2660000 - 0x00007ffea270e000 	C:\WINDOWS\System32\SHCORE.dll
0x00007ffea3ed0000 - 0x00007ffea3f25000 	C:\WINDOWS\System32\shlwapi.dll
0x00007ffea18d0000 - 0x00007ffea18ef000 	C:\WINDOWS\SYSTEM32\profapi.dll
0x00007ffe946c0000 - 0x00007ffe946da000 	C:\Program Files\Android\Android Studio1\jre\jre\bin\net.dll
0x00007ffea10a0000 - 0x00007ffea110a000 	C:\WINDOWS\system32\mswsock.dll
0x00007ffe946a0000 - 0x00007ffe946b3000 	C:\Program Files\Android\Android Studio1\jre\jre\bin\nio.dll
0x00007ffe87150000 - 0x00007ffe87177000 	C:\Users\lionking\.gradle\native\f6784746aeab05261644944871eae4fe03e0ef1612fff0a4a95f87b438bc6780\windows-amd64\native-platform.dll
0x00007ffe964c0000 - 0x00007ffe964cd000 	C:\Program Files\Android\Android Studio1\jre\jre\bin\management.dll
0x00007ffea1280000 - 0x00007ffea1298000 	C:\WINDOWS\SYSTEM32\CRYPTSP.dll
0x00007ffea0a40000 - 0x00007ffea0a74000 	C:\WINDOWS\system32\rsaenh.dll
0x00007ffea1f40000 - 0x00007ffea1f67000 	C:\WINDOWS\System32\bcrypt.dll
0x00007ffea1850000 - 0x00007ffea187e000 	C:\WINDOWS\SYSTEM32\USERENV.dll
0x00007ffea1ec0000 - 0x00007ffea1f40000 	C:\WINDOWS\System32\bcryptprimitives.dll
0x00007ffea1270000 - 0x00007ffea127c000 	C:\WINDOWS\SYSTEM32\CRYPTBASE.dll
0x00007ffea0d90000 - 0x00007ffea0dcb000 	C:\WINDOWS\SYSTEM32\IPHLPAPI.DLL
0x00007ffea4200000 - 0x00007ffea4208000 	C:\WINDOWS\System32\NSI.dll
0x00007ffe95f50000 - 0x00007ffe95f67000 	C:\WINDOWS\SYSTEM32\dhcpcsvc6.DLL
0x00007ffe960a0000 - 0x00007ffe960bd000 	C:\WINDOWS\SYSTEM32\dhcpcsvc.DLL
0x00007ffea0dd0000 - 0x00007ffea0e9c000 	C:\WINDOWS\SYSTEM32\DNSAPI.dll
0x00007ffe97140000 - 0x00007ffe9714b000 	C:\WINDOWS\SYSTEM32\WINNSI.DLL

VM Arguments:
jvm_args: -Xmx1536m -Dfile.encoding=x-windows-949 -Duser.country=KR -Duser.language=ko -Duser.variant 
java_command: org.gradle.launcher.daemon.bootstrap.GradleDaemon 6.5
java_class_path (initial): C:\Users\lionking\.gradle\wrapper\dists\gradle-6.5-bin\6nifqtx7604sqp1q6g8wikw7p\gradle-6.5\lib\gradle-launcher-6.5.jar
Launcher Type: SUN_STANDARD

Environment Variables:
PATH=C:\ProgramData\Anaconda3\anacinddddddd;C:\ProgramData\Anaconda3\anacinddddddd\Library\mingw-w64\bin;C:\ProgramData\Anaconda3\anacinddddddd\Library\usr\bin;C:\ProgramData\Anaconda3\anacinddddddd\Library\bin;C:\ProgramData\Anaconda3\anacinddddddd\Scripts;C:\Anaconda3;C:\Anaconda3\Library\mingw-w64\bin;C:\Anaconda3\Library\usr\bin;C:\Anaconda3\Library\bin;C:\Anaconda3\Scripts;C:\WINDOWS\system32;C:\WINDOWS;C:\WINDOWS\System32\Wbem;C:\WINDOWS\System32\WindowsPowerShell\v1.0\;C:\WINDOWS\System32\OpenSSH\;C:\Program Files\Git\cmd;C:\Program Files\Java\jdk-14\bin;C:\Users\lionking\AppData\Local\Programs\Microsoft VS Code\bin;C:\Users\lionking\AppData\Local\Microsoft\WindowsApps;
USERNAME=lionking
OS=Windows_NT
PROCESSOR_IDENTIFIER=Intel64 Family 6 Model 61 Stepping 4, GenuineIntel



---------------  S Y S T E M  ---------------

OS: Windows 10.0 , 64 bit Build 19041 (10.0.19041.928)

CPU:total 4 (initial active 4) (2 cores per cpu, 2 threads per core) family 6 model 61 stepping 4, cmov, cx8, fxsr, mmx, sse, sse2, sse3, ssse3, sse4.1, sse4.2, popcnt, avx, avx2, aes, clmul, erms, 3dnowpref, lzcnt, ht, tsc, tscinvbit, bmi1, bmi2, adx

Memory: 4k page, physical 4120944k(33440k free), swap 16703856k(4840k free)

vm_info: OpenJDK 64-Bit Server VM (25.242-b01) for windows-amd64 JRE (1.8.0_242-release-1644-b01), built by "builder" with MS VC++ 10.0 (VS2010)

time: Tue May 25 20:57:46 2021
timezone: 대한민국 표준시
elapsed time: 108 seconds (0d 0h 1m 48s)

